2016.04.19 17:54:17 INFO  [o.s.s.c.t.CeWorkerCallableImpl] Execute task | project=LM_Bressan_CoF:LM_Bressan_CoF | id=AVQvOrEMp4r4mSeskud0
2016.04.19 17:54:17 INFO  [o.s.s.c.s.ExtractReportStep] Analysis report extracted | compressedSize=7 KB
2016.04.19 17:54:17 INFO  [o.s.s.c.s.ComputationStepExecutor] Extract report | time=5ms
2016.04.19 17:54:17 INFO  [o.s.s.c.s.LogScannerContextStep] SonarQube plugins:
2016.04.19 17:54:17 INFO  [o.s.s.c.s.LogScannerContextStep]   - C# 4.4 (csharp)
2016.04.19 17:54:17 INFO  [o.s.s.c.s.LogScannerContextStep]   - Java 3.10 (java)
2016.04.19 17:54:17 INFO  [o.s.s.c.s.LogScannerContextStep]   - SVN 1.2 (scmsvn)
2016.04.19 17:54:17 INFO  [o.s.s.c.s.LogScannerContextStep]   - Git 1.0 (scmgit)
2016.04.19 17:54:17 INFO  [o.s.s.c.s.LogScannerContextStep]   - JavaScript 2.10 (javascript)
2016.04.19 17:54:17 INFO  [o.s.s.c.s.LogScannerContextStep] Settings for module: LM_Bressan_CoF:LM_Bressan_CoF
2016.04.19 17:54:17 INFO  [o.s.s.c.s.LogScannerContextStep]   - sonar.binaries=/Users/Gabri/LM_Bressan_CoF/LM_Bressan_CoF/target/classes
2016.04.19 17:54:17 INFO  [o.s.s.c.s.LogScannerContextStep]   - sonar.core.id=20160419175100
2016.04.19 17:54:17 INFO  [o.s.s.c.s.LogScannerContextStep]   - sonar.core.startTime=2016-04-19T17:51:00+0200
2016.04.19 17:54:17 INFO  [o.s.s.c.s.LogScannerContextStep]   - sonar.core.version=5.4
2016.04.19 17:54:17 INFO  [o.s.s.c.s.LogScannerContextStep]   - sonar.host.url=http://localhost:9000/
2016.04.19 17:54:17 INFO  [o.s.s.c.s.LogScannerContextStep]   - sonar.java.binaries=/Users/Gabri/LM_Bressan_CoF/LM_Bressan_CoF/target/classes
2016.04.19 17:54:17 INFO  [o.s.s.c.s.LogScannerContextStep]   - sonar.java.test.binaries=/Users/Gabri/LM_Bressan_CoF/LM_Bressan_CoF/target/test-classes
2016.04.19 17:54:17 INFO  [o.s.s.c.s.LogScannerContextStep]   - sonar.java.test.libraries=/Users/Gabri/LM_Bressan_CoF/LM_Bressan_CoF/target/classes,/Users/Gabri/.m2/repository/junit/junit/3.8.1/junit-3.8.1.jar
2016.04.19 17:54:17 INFO  [o.s.s.c.s.LogScannerContextStep]   - sonar.language=java
2016.04.19 17:54:17 INFO  [o.s.s.c.s.LogScannerContextStep]   - sonar.links.ci=
2016.04.19 17:54:17 INFO  [o.s.s.c.s.LogScannerContextStep]   - sonar.links.homepage=http://maven.apache.org
2016.04.19 17:54:17 INFO  [o.s.s.c.s.LogScannerContextStep]   - sonar.links.issue=
2016.04.19 17:54:17 INFO  [o.s.s.c.s.LogScannerContextStep]   - sonar.links.scm=
2016.04.19 17:54:17 INFO  [o.s.s.c.s.LogScannerContextStep]   - sonar.links.scm_dev=
2016.04.19 17:54:17 INFO  [o.s.s.c.s.LogScannerContextStep]   - sonar.maven.projectDependencies=[{"k":"junit:junit","v":"3.8.1","s":"test","d":[]}]
2016.04.19 17:54:17 INFO  [o.s.s.c.s.LogScannerContextStep]   - sonar.moduleKey=LM_Bressan_CoF:LM_Bressan_CoF
2016.04.19 17:54:17 INFO  [o.s.s.c.s.LogScannerContextStep]   - sonar.mojoUseRunner=true
2016.04.19 17:54:17 INFO  [o.s.s.c.s.LogScannerContextStep]   - sonar.permission.template.default=default_template
2016.04.19 17:54:17 INFO  [o.s.s.c.s.LogScannerContextStep]   - sonar.projectBaseDir=/Users/Gabri/LM_Bressan_CoF/LM_Bressan_CoF
2016.04.19 17:54:17 INFO  [o.s.s.c.s.LogScannerContextStep]   - sonar.projectBuildDir=/Users/Gabri/LM_Bressan_CoF/LM_Bressan_CoF/target
2016.04.19 17:54:17 INFO  [o.s.s.c.s.LogScannerContextStep]   - sonar.projectKey=LM_Bressan_CoF:LM_Bressan_CoF
2016.04.19 17:54:17 INFO  [o.s.s.c.s.LogScannerContextStep]   - sonar.projectName=LM_Bressan_CoF
2016.04.19 17:54:17 INFO  [o.s.s.c.s.LogScannerContextStep]   - sonar.projectVersion=0.0.1-SNAPSHOT
2016.04.19 17:54:17 INFO  [o.s.s.c.s.LogScannerContextStep]   - sonar.qualitygate=1
2016.04.19 17:54:17 INFO  [o.s.s.c.s.LogScannerContextStep]   - sonar.sourceEncoding=UTF-8
2016.04.19 17:54:17 INFO  [o.s.s.c.s.LogScannerContextStep]   - sonar.sources=/Users/Gabri/LM_Bressan_CoF/LM_Bressan_CoF/pom.xml,/Users/Gabri/LM_Bressan_CoF/LM_Bressan_CoF/src/main/java
2016.04.19 17:54:17 INFO  [o.s.s.c.s.LogScannerContextStep]   - sonar.tests=/Users/Gabri/LM_Bressan_CoF/LM_Bressan_CoF/src/test/java
2016.04.19 17:54:17 INFO  [o.s.s.c.s.LogScannerContextStep]   - sonar.working.directory=/Users/Gabri/LM_Bressan_CoF/LM_Bressan_CoF/target/sonar
2016.04.19 17:54:17 INFO  [o.s.s.c.s.ComputationStepExecutor] Log scanner context | time=3ms
2016.04.19 17:54:17 INFO  [o.s.s.c.s.ComputationStepExecutor] Load analysis metadata | time=4ms
2016.04.19 17:54:17 INFO  [o.s.s.c.s.ComputationStepExecutor] Build tree of components | time=38ms
2016.04.19 17:54:17 INFO  [o.s.s.c.s.ComputationStepExecutor] Validate project | time=8ms
2016.04.19 17:54:17 INFO  [o.s.s.c.s.ComputationStepExecutor] Load debt model | time=7ms
2016.04.19 17:54:17 INFO  [o.s.s.c.s.ComputationStepExecutor] Load quality profiles | time=147ms
2016.04.19 17:54:17 INFO  [o.s.s.c.s.ComputationStepExecutor] Load Quality gate | time=6ms
2016.04.19 17:54:17 INFO  [o.s.s.c.s.ComputationStepExecutor] Load differential periods | time=13ms
2016.04.19 17:54:17 INFO  [o.s.s.c.s.ComputationStepExecutor] Load inner file and in project duplications | time=0ms
2016.04.19 17:54:17 INFO  [o.s.s.c.d.CrossProjectDuplicationStatusHolderImpl] Cross project duplication is disabled because it's disabled in the analysis report
2016.04.19 17:54:17 INFO  [o.s.s.c.s.ComputationStepExecutor] Compute cross project duplications | time=0ms
2016.04.19 17:54:17 INFO  [o.s.s.c.s.ComputationStepExecutor] Compute size measures | time=15ms
2016.04.19 17:54:17 INFO  [o.s.s.c.s.ComputationStepExecutor] Compute new coverage | time=10ms
2016.04.19 17:54:17 INFO  [o.s.s.c.s.ComputationStepExecutor] Compute coverage measures | time=2ms
2016.04.19 17:54:17 INFO  [o.s.s.c.s.ComputationStepExecutor] Compute comment measures | time=2ms
2016.04.19 17:54:17 INFO  [o.s.s.c.s.ComputationStepExecutor] Copy custom measures | time=6ms
2016.04.19 17:54:17 INFO  [o.s.s.c.s.ComputationStepExecutor] Compute duplication measures | time=2ms
2016.04.19 17:54:17 INFO  [o.s.s.c.s.ComputationStepExecutor] Compute duplication data measures | time=1ms
2016.04.19 17:54:17 INFO  [o.s.s.c.s.ComputationStepExecutor] Compute language distribution | time=21ms
2016.04.19 17:54:17 INFO  [o.s.s.c.s.ComputationStepExecutor] Compute test measures | time=3ms
2016.04.19 17:54:17 INFO  [o.s.s.c.s.ComputationStepExecutor] Compute complexity measures | time=21ms
2016.04.19 17:54:17 INFO  [o.s.s.c.s.ComputationStepExecutor] Load measure computers | time=4ms
2016.04.19 17:54:17 INFO  [o.s.s.c.s.ExecuteVisitorsStep]   Execution time for each component visitor:
2016.04.19 17:54:17 INFO  [o.s.s.c.s.ExecuteVisitorsStep]   - LoadComponentUuidsHavingOpenIssuesVisitor | time=3ms
2016.04.19 17:54:17 INFO  [o.s.s.c.s.ExecuteVisitorsStep]   - IntegrateIssuesVisitor | time=74ms
2016.04.19 17:54:17 INFO  [o.s.s.c.s.ExecuteVisitorsStep]   - CloseIssuesOnRemovedComponentsVisitor | time=0ms
2016.04.19 17:54:17 INFO  [o.s.s.c.s.ExecuteVisitorsStep]   - SqaleMeasuresVisitor | time=3ms
2016.04.19 17:54:17 INFO  [o.s.s.c.s.ExecuteVisitorsStep]   - SqaleNewMeasuresVisitor | time=1ms
2016.04.19 17:54:17 INFO  [o.s.s.c.s.ExecuteVisitorsStep]   - LastCommitVisitor | time=0ms
2016.04.19 17:54:17 INFO  [o.s.s.c.s.ExecuteVisitorsStep]   - MeasureComputersVisitor | time=4ms
2016.04.19 17:54:17 INFO  [o.s.s.c.s.ComputationStepExecutor] Execute component visitors | time=93ms
2016.04.19 17:54:17 INFO  [o.s.s.c.s.ComputationStepExecutor] Compute measure variations | time=6ms
2016.04.19 17:54:17 INFO  [o.s.s.c.s.ComputationStepExecutor] Compute Quality Gate measures | time=10ms
2016.04.19 17:54:17 INFO  [o.s.s.c.s.ComputationStepExecutor] Compute Quality profile measures | time=1ms
2016.04.19 17:54:17 INFO  [o.s.s.c.s.ComputationStepExecutor] Generate Quality profile events | time=3ms
2016.04.19 17:54:17 INFO  [o.s.s.c.s.ComputationStepExecutor] Generate Quality gate events | time=2ms
2016.04.19 17:54:17 INFO  [o.s.s.c.s.ComputationStepExecutor] Persist components | time=11ms
2016.04.19 17:54:17 INFO  [o.s.s.c.s.ComputationStepExecutor] Persist snapshots | time=7ms
2016.04.19 17:54:18 INFO  [o.s.s.c.s.ComputationStepExecutor] Persist measures | time=48ms
2016.04.19 17:54:18 INFO  [o.s.s.c.s.ComputationStepExecutor] Persist issues | time=12ms
2016.04.19 17:54:18 INFO  [o.s.s.c.s.ComputationStepExecutor] Persist project links | time=5ms
2016.04.19 17:54:18 INFO  [o.s.s.c.s.ComputationStepExecutor] Persist events | time=5ms
2016.04.19 17:54:18 INFO  [o.s.s.c.s.ComputationStepExecutor] Persist sources | time=80ms
2016.04.19 17:54:18 INFO  [o.s.s.c.s.ComputationStepExecutor] Persist tests | time=13ms
2016.04.19 17:54:18 INFO  [o.s.s.c.s.ComputationStepExecutor] Persist cross project duplications index | time=0ms
2016.04.19 17:54:18 INFO  [o.s.s.c.s.ComputationStepExecutor] Enable snapshot | time=5ms
2016.04.19 17:54:18 INFO  [o.s.s.c.s.ComputationStepExecutor] Index components | time=17ms
2016.04.19 17:54:18 INFO  [o.s.s.c.s.ComputationStepExecutor] Purge db | time=48ms
2016.04.19 17:54:18 INFO  [o.s.s.c.s.ComputationStepExecutor] Apply permissions | time=1ms
2016.04.19 17:54:18 INFO  [o.s.s.c.s.ComputationStepExecutor] Index issues | time=48ms
2016.04.19 17:54:18 INFO  [o.s.s.c.s.ComputationStepExecutor] Index tests | time=99ms
2016.04.19 17:54:18 INFO  [o.s.s.c.s.ComputationStepExecutor] Send issue notifications | time=5ms
2016.04.19 17:54:18 INFO  [o.s.s.c.s.ComputationStepExecutor] Publish task results | time=0ms
2016.04.19 17:54:18 INFO  [o.s.s.c.t.CeWorkerCallableImpl] Executed task | project=LM_Bressan_CoF:LM_Bressan_CoF | id=AVQvOrEMp4r4mSeskud0 | time=1073ms
