--> Wrapper Started as Daemon
Launching a JVM...
Wrapper (Version 3.2.3) http://wrapper.tanukisoftware.org
  Copyright 1999-2006 Tanuki Software, Inc.  All Rights Reserved.

2016.04.19 17:50:51 INFO  app[o.s.a.AppFileSystem] Cleaning or creating temp directory /Users/Gabri/LM_Bressan_CoF/sonarqube-5.4/temp
2016.04.19 17:50:51 INFO  app[o.s.p.m.JavaProcessLauncher] Launch process[search]: /Library/Java/JavaVirtualMachines/jdk1.8.0_65.jdk/Contents/Home/jre/bin/java -Djava.awt.headless=true -Xmx1G -Xms256m -Xss256k -Djava.net.preferIPv4Stack=true -XX:+UseParNewGC -XX:+UseConcMarkSweepGC -XX:CMSInitiatingOccupancyFraction=75 -XX:+UseCMSInitiatingOccupancyOnly -XX:+HeapDumpOnOutOfMemoryError -Djava.io.tmpdir=/Users/Gabri/LM_Bressan_CoF/sonarqube-5.4/temp -cp ./lib/common/*:./lib/search/* org.sonar.search.SearchServer /var/folders/sm/1glz_w8s147g9pgzgs5hvm5c0000gn/T/sq-process7352506664836423979properties
2016.04.19 17:50:52 INFO   es[o.s.p.ProcessEntryPoint]  Starting search
2016.04.19 17:50:52 INFO   es[o.s.s.SearchSettings]  Elasticsearch listening on 127.0.0.1:9001
2016.04.19 17:50:53 INFO   es[o.elasticsearch.node]  [sonar-1461081051347] version[1.7.2], pid[4515], build[e43676b/2015-09-14T09:49:53Z]
2016.04.19 17:50:53 INFO   es[o.elasticsearch.node]  [sonar-1461081051347] initializing ...
2016.04.19 17:50:53 INFO   es[o.e.plugins]  [sonar-1461081051347] loaded [], sites []
2016.04.19 17:50:53 INFO   es[o.elasticsearch.env]  [sonar-1461081051347] using [1] data paths, mounts [[/ (/dev/disk1)]], net usable_space [99.5gb], net total_space [232.6gb], types [hfs]
2016.04.19 17:50:54 WARN   es[o.e.bootstrap]  JNA not found. native methods will be disabled.
2016.04.19 17:50:55 INFO   es[o.elasticsearch.node]  [sonar-1461081051347] initialized
2016.04.19 17:50:55 INFO   es[o.elasticsearch.node]  [sonar-1461081051347] starting ...
2016.04.19 17:50:55 INFO   es[o.e.transport]  [sonar-1461081051347] bound_address {inet[/127.0.0.1:9001]}, publish_address {inet[/127.0.0.1:9001]}
2016.04.19 17:50:55 INFO   es[o.e.discovery]  [sonar-1461081051347] sonarqube/0jZ9BYj7TOqIlUsfIKu51Q
2016.04.19 17:50:58 INFO   es[o.e.cluster.service]  [sonar-1461081051347] new_master [sonar-1461081051347][0jZ9BYj7TOqIlUsfIKu51Q][macbook-pro-di-gabriele.local][inet[/127.0.0.1:9001]]{rack_id=sonar-1461081051347}, reason: zen-disco-join (elected_as_master)
2016.04.19 17:50:58 INFO   es[o.elasticsearch.node]  [sonar-1461081051347] started
2016.04.19 17:50:58 INFO   es[o.e.gateway]  [sonar-1461081051347] recovered [0] indices into cluster_state
Java HotSpot(TM) 64-Bit Server VM warning: ignoring option MaxPermSize=160m; support was removed in 8.0
2016.04.19 17:50:59 INFO  app[o.s.p.m.Monitor] Process[search] is up
2016.04.19 17:50:59 INFO  app[o.s.p.m.JavaProcessLauncher] Launch process[web]: /Library/Java/JavaVirtualMachines/jdk1.8.0_65.jdk/Contents/Home/jre/bin/java -Djava.awt.headless=true -Dfile.encoding=UTF-8 -Djruby.management.enabled=false -Djruby.compile.invokedynamic=false -Xmx768m -Xms256m -XX:MaxPermSize=160m -XX:+HeapDumpOnOutOfMemoryError -Djava.net.preferIPv4Stack=true -Djava.io.tmpdir=/Users/Gabri/LM_Bressan_CoF/sonarqube-5.4/temp -cp ./lib/common/*:./lib/server/*:/Users/Gabri/LM_Bressan_CoF/sonarqube-5.4/lib/jdbc/h2/h2-1.3.176.jar org.sonar.server.app.WebServer /var/folders/sm/1glz_w8s147g9pgzgs5hvm5c0000gn/T/sq-process3483277789895707976properties
2016.04.19 17:50:59 INFO  web[o.s.p.ProcessEntryPoint] Starting web
2016.04.19 17:50:59 INFO  web[o.s.s.a.TomcatContexts] Webapp directory: /Users/Gabri/LM_Bressan_CoF/sonarqube-5.4/web
2016.04.19 17:51:00 INFO  web[o.a.c.h.Http11NioProtocol] Initializing ProtocolHandler ["http-nio-0.0.0.0-9000"]
2016.04.19 17:51:00 INFO  web[o.a.t.u.n.NioSelectorPool] Using a shared selector for servlet write/read
2016.04.19 17:51:00 INFO  web[o.s.s.p.ServerImpl] SonarQube Server / 5.4 / 7b02df9be3cd9448699b5857586e1c6e2b28c007
2016.04.19 17:51:01 INFO  web[o.s.s.d.EmbeddedDatabase] Starting embedded database on port 9092 with url jdbc:h2:tcp://localhost:9092/sonar
2016.04.19 17:51:01 INFO  web[o.s.s.d.EmbeddedDatabase] Embedded database started. Data stored in: /Users/Gabri/LM_Bressan_CoF/sonarqube-5.4/data
2016.04.19 17:51:01 INFO  web[o.sonar.db.Database] Create JDBC data source for jdbc:h2:tcp://localhost:9092/sonar
2016.04.19 17:51:01 WARN  web[o.s.d.DatabaseChecker] H2 database should be used for evaluation purpose only
2016.04.19 17:51:01 INFO  web[o.e.plugins] [sonar-1461081051347] loaded [], sites []
2016.04.19 17:51:03 INFO  web[o.s.s.p.DefaultServerFileSystem] SonarQube home: /Users/Gabri/LM_Bressan_CoF/sonarqube-5.4
2016.04.19 17:51:03 INFO   es[o.e.cluster.metadata]  [sonar-1461081051347] [rules] creating index, cause [api], templates [], shards [1]/[0], mappings []
2016.04.19 17:51:03 INFO   es[o.e.cluster.metadata]  [sonar-1461081051347] [rules] create_mapping [rule]
2016.04.19 17:51:03 INFO   es[o.e.cluster.metadata]  [sonar-1461081051347] [rules] create_mapping [activeRule]
2016.04.19 17:51:04 INFO  web[o.s.s.p.ServerPluginRepository] Plugin C# [csharp] installed
2016.04.19 17:51:04 INFO  web[o.s.s.p.ServerPluginRepository] Plugin Java [java] installed
2016.04.19 17:51:04 INFO  web[o.s.s.p.ServerPluginRepository] Plugin JavaScript [javascript] installed
2016.04.19 17:51:04 INFO  web[o.s.s.p.ServerPluginRepository] Plugin Git [scmgit] installed
2016.04.19 17:51:04 INFO  web[o.s.s.p.ServerPluginRepository] Plugin SVN [scmsvn] installed
2016.04.19 17:51:04 INFO  web[o.s.s.p.ServerPluginRepository] Deploy plugin C# / 4.4 / 5b9adce1c37c4ef907b316ea4500ed5d7c4629c4
2016.04.19 17:51:04 INFO  web[o.s.s.p.ServerPluginRepository] Deploy plugin Git / 1.0 / 9ce9d330c313c296fab051317cc5ad4b26319e07
2016.04.19 17:51:04 INFO  web[o.s.s.p.ServerPluginRepository] Deploy plugin Java / 3.10 / e55d43e814fd68587a7a9e0f37089492b34445cc
2016.04.19 17:51:04 INFO  web[o.s.s.p.ServerPluginRepository] Deploy plugin JavaScript / 2.10 / 88475229068f817583013a08facf2b45d0357829
2016.04.19 17:51:04 INFO  web[o.s.s.p.ServerPluginRepository] Deploy plugin SVN / 1.2 / d04c3cdb21f48905dd8300d1129ec90281aa6db2
2016.04.19 17:51:04 INFO  web[o.s.s.d.m.DatabaseMigrator] Create database
2016.04.19 17:51:04 INFO  web[o.s.s.p.RailsAppsDeployer] Deploying Ruby on Rails applications
2016.04.19 17:51:05 INFO  web[o.s.s.p.UpdateCenterClient] Update center: http://update.sonarsource.org/update-center.properties (no proxy)
2016.04.19 17:51:06 INFO  web[o.s.s.e.IndexCreator] Create index tests
2016.04.19 17:51:06 INFO   es[o.e.cluster.metadata]  [sonar-1461081051347] [tests] creating index, cause [api], templates [], shards [5]/[0], mappings []
2016.04.19 17:51:06 INFO  web[o.s.s.e.IndexCreator] Create type tests/test
2016.04.19 17:51:06 INFO   es[o.e.cluster.metadata]  [sonar-1461081051347] [tests] create_mapping [test]
2016.04.19 17:51:06 INFO  web[o.s.s.e.IndexCreator] Create index activities
2016.04.19 17:51:06 INFO   es[o.e.cluster.metadata]  [sonar-1461081051347] [activities] creating index, cause [api], templates [], shards [5]/[0], mappings []
2016.04.19 17:51:06 INFO  web[o.s.s.e.IndexCreator] Create type activities/activity
2016.04.19 17:51:06 INFO   es[o.e.cluster.metadata]  [sonar-1461081051347] [activities] create_mapping [activity]
2016.04.19 17:51:06 INFO  web[o.s.s.e.IndexCreator] Create index issues
2016.04.19 17:51:06 INFO   es[o.e.cluster.metadata]  [sonar-1461081051347] [issues] creating index, cause [api], templates [], shards [5]/[0], mappings []
2016.04.19 17:51:06 INFO  web[o.s.s.e.IndexCreator] Create type issues/authorization
2016.04.19 17:51:06 INFO   es[o.e.cluster.metadata]  [sonar-1461081051347] [issues] create_mapping [authorization]
2016.04.19 17:51:06 INFO  web[o.s.s.e.IndexCreator] Create type issues/issue
2016.04.19 17:51:06 INFO   es[o.e.cluster.metadata]  [sonar-1461081051347] [issues] create_mapping [issue]
2016.04.19 17:51:06 INFO  web[o.s.s.e.IndexCreator] Create index users
2016.04.19 17:51:06 INFO   es[o.e.cluster.metadata]  [sonar-1461081051347] [users] creating index, cause [api], templates [], shards [5]/[0], mappings []
2016.04.19 17:51:07 INFO  web[o.s.s.e.IndexCreator] Create type users/user
2016.04.19 17:51:07 INFO   es[o.e.cluster.metadata]  [sonar-1461081051347] [users] create_mapping [user]
2016.04.19 17:51:07 INFO  web[o.s.s.e.IndexCreator] Create index views
2016.04.19 17:51:07 INFO   es[o.e.cluster.metadata]  [sonar-1461081051347] [views] creating index, cause [api], templates [], shards [5]/[0], mappings []
2016.04.19 17:51:07 INFO  web[o.s.s.e.IndexCreator] Create type views/view
2016.04.19 17:51:07 INFO   es[o.e.cluster.metadata]  [sonar-1461081051347] [views] create_mapping [view]
2016.04.19 17:51:07 INFO  web[o.s.s.n.NotificationService] Notification service started (delay 60 sec.)
2016.04.19 17:51:07 INFO  web[o.s.s.s.IndexSynchronizer] Index rules
2016.04.19 17:51:07 INFO  web[o.s.s.s.IndexSynchronizer] Index activeRules
2016.04.19 17:51:07 INFO  web[o.s.s.s.RegisterMetrics] Register metrics
2016.04.19 17:51:07 INFO  web[o.s.s.s.RegisterDebtModel] Register technical debt model
2016.04.19 17:51:08 INFO  web[o.s.s.r.RegisterRules] Register rules
2016.04.19 17:51:18 INFO  web[o.s.s.q.RegisterQualityProfiles] Register quality profiles
2016.04.19 17:51:19 INFO  web[o.s.s.q.RegisterQualityProfiles] Register profile {lang=cs, name=Sonar way}
2016.04.19 17:51:20 INFO  web[o.s.s.q.RegisterQualityProfiles] Set default cs profile: Sonar way
2016.04.19 17:51:20 INFO  web[o.s.s.q.RegisterQualityProfiles] Register profile {lang=java, name=Sonar way}
2016.04.19 17:51:22 INFO  web[o.s.s.q.RegisterQualityProfiles] Set default java profile: Sonar way
2016.04.19 17:51:22 INFO  web[o.s.s.q.RegisterQualityProfiles] Register profile {lang=js, name=Sonar way}
2016.04.19 17:51:23 INFO  web[o.s.s.q.RegisterQualityProfiles] Register profile {lang=js, name=Sonar Security Way}
2016.04.19 17:51:23 INFO  web[o.s.s.q.RegisterQualityProfiles] Set default js profile: Sonar way
2016.04.19 17:51:23 INFO  web[o.s.s.s.RegisterNewMeasureFilters] Register measure filters
2016.04.19 17:51:23 INFO  web[o.s.s.s.RegisterNewMeasureFilters] Register measure filter: Projects
2016.04.19 17:51:23 INFO  web[o.s.s.s.RegisterNewMeasureFilters] Register measure filter: My favourites
2016.04.19 17:51:23 INFO  web[o.s.s.s.RegisterDashboards] Register dashboards
2016.04.19 17:51:23 INFO  web[o.s.s.s.RegisterDashboards] Register dashboard: Custom
2016.04.19 17:51:23 INFO  web[o.s.s.s.RegisterDashboards] Register dashboard: Home
2016.04.19 17:51:23 INFO  web[o.s.s.s.RegisterPermissionTemplates] Register permission templates
2016.04.19 17:51:23 INFO  web[o.s.s.s.RenameDeprecatedPropertyKeys] Rename deprecated property keys
2016.04.19 17:51:23 INFO  web[o.s.s.s.RenameIssueWidgets] Replacing issue related widgets with issue filter widgets
2016.04.19 17:51:24 INFO  web[o.s.s.s.IndexSynchronizer] Index activities
2016.04.19 17:51:24 INFO   es[o.e.cluster.metadata]  [sonar-1461081051347] [activities] update_mapping [activity] (dynamic)
2016.04.19 17:51:24 INFO  web[o.s.s.s.IndexSynchronizer] Index issues
2016.04.19 17:51:24 INFO  web[o.s.s.s.IndexSynchronizer] Index tests
2016.04.19 17:51:24 INFO  web[o.s.s.s.IndexSynchronizer] Index users
2016.04.19 17:51:24 INFO  web[o.s.s.s.IndexSynchronizer] Index views
2016.04.19 17:51:24 INFO  web[o.s.s.c.q.PurgeCeActivities] Delete the Compute Engine tasks created before Thu Oct 22 17:51:24 CEST 2015
2016.04.19 17:51:25 INFO  web[jruby.rack] jruby 1.7.9 (ruby-1.8.7p370) 2013-12-06 87b108a on Java HotSpot(TM) 64-Bit Server VM 1.8.0_65-b17 [darwin-x86_64]
2016.04.19 17:51:25 INFO  web[jruby.rack] using a shared (threadsafe!) runtime
2016.04.19 17:51:34 INFO  web[jruby.rack] keeping custom (config.logger) Rails logger instance
2016.04.19 17:51:34 INFO  web[o.s.s.p.MasterServletFilter] Initializing servlet filter org.sonar.server.authentication.InitFilter@3374987e [pattern=/sessions/init/*]
2016.04.19 17:51:34 INFO  web[o.s.s.p.MasterServletFilter] Initializing servlet filter org.sonar.server.authentication.OAuth2CallbackFilter@75b27e7a [pattern=/oauth2/callback/*]
2016.04.19 17:51:34 INFO  web[o.a.c.h.Http11NioProtocol] Starting ProtocolHandler ["http-nio-0.0.0.0-9000"]
2016.04.19 17:51:34 INFO  web[o.s.s.a.TomcatAccessLog] Web server is started
2016.04.19 17:51:34 INFO  web[o.s.s.a.EmbeddedTomcat] HTTP connector enabled on port 9000
2016.04.19 17:51:34 INFO  app[o.s.p.m.Monitor] Process[web] is up
2016.04.19 17:54:17 INFO  web[o.s.s.c.t.CeWorkerCallableImpl] Execute task | project=LM_Bressan_CoF:LM_Bressan_CoF | id=AVQvOrEMp4r4mSeskud0
2016.04.19 17:54:18 INFO  web[o.s.s.c.t.CeWorkerCallableImpl] Executed task | project=LM_Bressan_CoF:LM_Bressan_CoF | id=AVQvOrEMp4r4mSeskud0 | time=1075ms
TERM trapped.  Shutting down.
2016.04.24 10:38:40 INFO  app[o.s.p.m.Monitor] Process[web] is stopping
